<?xml version="1.0" encoding="UTF-8"?>
<!-- Generated by org.testng.reporters.JUnitReportReporter -->
<testsuite hostname="mds-macbook-air.lan" failures="0" tests="1" name="com.bit.ui.test.SmokeTest" time="0.022" errors="0" timestamp="2022-10-11T20:30:54 EDT" skipped="0">
  <testcase classname="com.bit.ui.test.SmokeTest" name="test1" time="0.022"/>
  <system-out/>
</testsuite> <!-- com.bit.ui.test.SmokeTest -->
