<?xml version="1.0" encoding="UTF-8"?>
<!-- Generated by org.testng.reporters.JUnitReportReporter -->
<testsuite hostname="mds-macbook-air.lan" failures="0" tests="1" name="com.A" time="0.019" errors="0" timestamp="2022-12-06T20:11:18 EST" skipped="0">
  <testcase classname="com.A" name="m1" time="0.019"/>
  <system-out/>
</testsuite> <!-- com.A -->
