<?xml version="1.0" encoding="UTF-8"?>
<!-- Generated by org.testng.reporters.JUnitReportReporter -->
<testsuite hostname="mds-macbook-air.lan" failures="0" tests="2" name="com.bit.ui.test.DbTest" time="0.011" errors="0" timestamp="2022-10-13T20:27:32 EDT" skipped="0">
  <testcase classname="com.bit.ui.test.DbTest" name="f" time="0.002"/>
  <system-out/>
  <testcase classname="com.bit.ui.test.DbTest" name="f" time="0.009"/>
  <system-out/>
</testsuite> <!-- com.bit.ui.test.DbTest -->
