<?xml version="1.0" encoding="UTF-8"?>
<!-- Generated by org.testng.reporters.JUnitReportReporter -->
<testsuite hostname="mds-macbook-air.lan" failures="0" tests="1" name="com.bit.ui.test.RegTest" time="0.002" errors="0" timestamp="2022-10-11T20:30:54 EDT" skipped="0">
  <testcase classname="com.bit.ui.test.RegTest" name="test3" time="0.002"/>
  <system-out/>
</testsuite> <!-- com.bit.ui.test.RegTest -->
